Copyright 1986-2022 Xilinx, Inc. All Rights Reserved. Copyright 2022-2023 Advanced Micro Devices, Inc. All Rights Reserved.
---------------------------------------------------------------------------------------------------------------------------------------------
| Tool Version : Vivado v.2023.2 (win64) Build 4029153 Fri Oct 13 20:14:34 MDT 2023
| Date         : Thu Feb 15 13:02:40 2024
| Host         : CL-Prebys-LT running 64-bit major release  (build 9200)
| Command      : upgrade_ip
| Device       : xc7a35tftg256-1
---------------------------------------------------------------------------------------------------------------------------------------------

Upgrade Log for IP 'xadc_wiz_0'

1. Summary
----------

SUCCESS in the upgrade of xadc_wiz_0 (xilinx.com:ip:xadc_wiz:3.3) from (Rev. 8) to (Rev. 9)






Copyright 1986-2022 Xilinx, Inc. All Rights Reserved. Copyright 2022-2023 Advanced Micro Devices, Inc. All Rights Reserved.
---------------------------------------------------------------------------------------------------------------------------------------------
| Tool Version : Vivado v.2023.2 (win64) Build 4029153 Fri Oct 13 20:14:34 MDT 2023
| Date         : Thu Feb 15 13:02:30 2024
| Host         : CL-Prebys-LT running 64-bit major release  (build 9200)
| Command      : upgrade_ip
| Device       : xc7a35tftg256-1
---------------------------------------------------------------------------------------------------------------------------------------------

Upgrade Log for IP 'fir_compiler_0'

1. Summary
----------

SUCCESS in the upgrade of fir_compiler_0 (xilinx.com:ip:fir_compiler:7.2) from (Rev. 18) to (Rev. 20)






Copyright 1986-2022 Xilinx, Inc. All Rights Reserved.
------------------------------------------------------------------------------------
| Tool Version : Vivado v.2022.2 (win64) Build 3671981 Fri Oct 14 05:00:03 MDT 2022
| Date         : Fri Feb 24 11:57:06 2023
| Host         : ERICPREBYS41E4 running 64-bit major release  (build 9200)
| Command      : upgrade_ip
| Device       : xc7a35tftg256-1
------------------------------------------------------------------------------------

Upgrade Log for IP 'fir_compiler_0'

1. Summary
----------

SUCCESS in the upgrade of fir_compiler_0 (xilinx.com:ip:fir_compiler:7.2) from (Rev. 14) to (Rev. 18)

